0 info it worked if it ends with ok
1 verbose cli [ '/usr/local/bin/node',
1 verbose cli   '/usr/local/bin/npm',
1 verbose cli   'install',
1 verbose cli   '-g',
1 verbose cli   'live-server' ]
2 info using npm@2.14.7
3 info using node@v4.2.1
4 verbose install initial load of /usr/local/lib/package.json
5 verbose readDependencies loading dependencies from /usr/local/lib/package.json
6 silly cache add args [ 'live-server', null ]
7 verbose cache add spec live-server
8 silly cache add parsed spec Result {
8 silly cache add   raw: 'live-server',
8 silly cache add   scope: null,
8 silly cache add   name: 'live-server',
8 silly cache add   rawSpec: '',
8 silly cache add   spec: '*',
8 silly cache add   type: 'range' }
9 silly addNamed live-server@*
10 verbose addNamed "*" is a valid semver range for live-server
11 silly addNameRange { name: 'live-server', range: '*', hasData: false }
12 silly mapToRegistry name live-server
13 silly mapToRegistry using default registry
14 silly mapToRegistry registry https://registry.npmjs.org/
15 silly mapToRegistry uri https://registry.npmjs.org/live-server
16 verbose addNameRange registry:https://registry.npmjs.org/live-server not in flight; fetching
17 verbose request uri https://registry.npmjs.org/live-server
18 verbose request no auth needed
19 info attempt registry request try #1 at 1:49:49 PM
20 verbose request id 483da9430b09067e
21 http request GET https://registry.npmjs.org/live-server
22 http 200 https://registry.npmjs.org/live-server
23 verbose headers { server: 'CouchDB/1.5.0 (Erlang OTP/R16B03)',
23 verbose headers   etag: '"85OVD2WG0QJNO947IG4SZPRNF"',
23 verbose headers   'content-type': 'application/json',
23 verbose headers   'cache-control': 'max-age=60',
23 verbose headers   'content-length': '25833',
23 verbose headers   'accept-ranges': 'bytes',
23 verbose headers   date: 'Mon, 02 Nov 2015 20:49:50 GMT',
23 verbose headers   via: '1.1 varnish',
23 verbose headers   age: '0',
23 verbose headers   connection: 'keep-alive',
23 verbose headers   'x-served-by': 'cache-ord1723-ORD',
23 verbose headers   'x-cache': 'HIT',
23 verbose headers   'x-cache-hits': '1',
23 verbose headers   'x-timer': 'S1446497390.244638,VS0,VE36',
23 verbose headers   vary: 'Accept' }
24 silly get cb [ 200,
24 silly get   { server: 'CouchDB/1.5.0 (Erlang OTP/R16B03)',
24 silly get     etag: '"85OVD2WG0QJNO947IG4SZPRNF"',
24 silly get     'content-type': 'application/json',
24 silly get     'cache-control': 'max-age=60',
24 silly get     'content-length': '25833',
24 silly get     'accept-ranges': 'bytes',
24 silly get     date: 'Mon, 02 Nov 2015 20:49:50 GMT',
24 silly get     via: '1.1 varnish',
24 silly get     age: '0',
24 silly get     connection: 'keep-alive',
24 silly get     'x-served-by': 'cache-ord1723-ORD',
24 silly get     'x-cache': 'HIT',
24 silly get     'x-cache-hits': '1',
24 silly get     'x-timer': 'S1446497390.244638,VS0,VE36',
24 silly get     vary: 'Accept' } ]
25 verbose get saving live-server to /Users/phillippuckett88/.npm/registry.npmjs.org/live-server/.cache.json
26 verbose makeDirectory /Users/phillippuckett88/.npm creation not in flight; initializing
27 silly makeDirectory /Users/phillippuckett88/.npm uid: 501 gid: 20
28 silly addNameRange number 2 { name: 'live-server', range: '*', hasData: true }
29 silly addNameRange versions [ 'live-server',
29 silly addNameRange   [ '0.1.0',
29 silly addNameRange     '0.1.1',
29 silly addNameRange     '0.2.0',
29 silly addNameRange     '0.3.0',
29 silly addNameRange     '0.4.0',
29 silly addNameRange     '0.5.0',
29 silly addNameRange     '0.6.0',
29 silly addNameRange     '0.6.1',
29 silly addNameRange     '0.6.2',
29 silly addNameRange     '0.6.3',
29 silly addNameRange     '0.6.4',
29 silly addNameRange     '0.7.0',
29 silly addNameRange     '0.7.1',
29 silly addNameRange     '0.8.0',
29 silly addNameRange     '0.8.1',
29 silly addNameRange     '0.8.2' ] ]
30 silly addNamed live-server@0.8.2
31 verbose addNamed "0.8.2" is a plain semver version for live-server
32 silly mapToRegistry name live-server
33 silly mapToRegistry using default registry
34 silly mapToRegistry registry https://registry.npmjs.org/
35 silly mapToRegistry uri https://registry.npmjs.org/live-server
36 verbose addRemoteTarball https://registry.npmjs.org/live-server/-/live-server-0.8.2.tgz not in flight; adding
37 verbose addRemoteTarball [ 'https://registry.npmjs.org/live-server/-/live-server-0.8.2.tgz',
37 verbose addRemoteTarball   '3c6a0b05591585866c99c71c4853633bf01944ff' ]
38 info retry fetch attempt 1 at 1:49:49 PM
39 info attempt registry request try #1 at 1:49:49 PM
40 http fetch GET https://registry.npmjs.org/live-server/-/live-server-0.8.2.tgz
41 http fetch 200 https://registry.npmjs.org/live-server/-/live-server-0.8.2.tgz
42 silly fetchAndShaCheck shasum 3c6a0b05591585866c99c71c4853633bf01944ff
43 verbose addTmpTarball /var/folders/q7/8jkpbxs93f1g3c5cbf2wpkwm0000gn/T/npm-12280-357e12b9/registry.npmjs.org/live-server/-/live-server-0.8.2.tgz not in flight; adding
44 verbose addTmpTarball already have metadata; skipping unpack for live-server@0.8.2
45 silly cache afterAdd live-server@0.8.2
46 verbose afterAdd /Users/phillippuckett88/.npm/live-server/0.8.2/package/package.json not in flight; writing
47 verbose afterAdd /Users/phillippuckett88/.npm/live-server/0.8.2/package/package.json written
48 silly install resolved [ { name: 'live-server',
48 silly install resolved     version: '0.8.2',
48 silly install resolved     description: 'simple development http server with live reload capability',
48 silly install resolved     keywords: [ 'front-end', 'development', 'tool', 'server', 'http', 'cli' ],
48 silly install resolved     author: { name: 'Tapio Vierros' },
48 silly install resolved     dependencies:
48 silly install resolved      { colors: 'latest',
48 silly install resolved        connect: '2.x.x',
48 silly install resolved        'event-stream': 'latest',
48 silly install resolved        'faye-websocket': '0.9.x',
48 silly install resolved        'object-assign': '^2.0.0',
48 silly install resolved        opn: 'latest',
48 silly install resolved        send: 'latest',
48 silly install resolved        watchr: '2.3.x' },
48 silly install resolved     scripts: { test: 'jshint *.js; eslint *.js' },
48 silly install resolved     bin: { 'live-server': './live-server.js' },
48 silly install resolved     repository: { type: 'git', url: 'https://github.com/tapio/live-server.git' },
48 silly install resolved     engines: { node: '>=0.8.0' },
48 silly install resolved     preferGlobal: true,
48 silly install resolved     license: 'MIT',
48 silly install resolved     eslintConfig: { env: [Object], rules: [Object] },
48 silly install resolved     gitHead: '4884f342dc48b4b093a9571bdca03bf664a6160a',
48 silly install resolved     bugs: { url: 'https://github.com/tapio/live-server/issues' },
48 silly install resolved     _id: 'live-server@0.8.2',
48 silly install resolved     _shasum: '3c6a0b05591585866c99c71c4853633bf01944ff',
48 silly install resolved     _from: 'live-server@*',
48 silly install resolved     _npmVersion: '1.4.21',
48 silly install resolved     _npmUser: { name: 'tapio', email: 'tapiovierros@gmail.com' },
48 silly install resolved     maintainers: [ [Object] ],
48 silly install resolved     dist:
48 silly install resolved      { shasum: '3c6a0b05591585866c99c71c4853633bf01944ff',
48 silly install resolved        tarball: 'http://registry.npmjs.org/live-server/-/live-server-0.8.2.tgz' },
48 silly install resolved     directories: {},
48 silly install resolved     _resolved: 'https://registry.npmjs.org/live-server/-/live-server-0.8.2.tgz' } ]
49 info install live-server@0.8.2 into /usr/local/lib
50 info installOne live-server@0.8.2
51 verbose installOne of live-server to /usr/local/lib not in flight; installing
52 verbose makeDirectory /Users/phillippuckett88/.npm/_locks creation not in flight; initializing
53 silly makeDirectory /Users/phillippuckett88/.npm/_locks uid: 501 gid: 20
54 verbose lock using /Users/phillippuckett88/.npm/_locks/live-server-1932c27c2adeb129.lock for /usr/local/lib/node_modules/live-server
55 silly install write writing live-server 0.8.2 to /usr/local/lib/node_modules/live-server
56 verbose unbuild lib/node_modules/live-server
57 silly gentlyRm /usr/local/lib/node_modules/live-server is being purged from base /usr/local
58 verbose gentlyRm don't care about contents; nuking /usr/local/lib/node_modules/live-server
59 verbose tar unpack /Users/phillippuckett88/.npm/live-server/0.8.2/package.tgz
60 verbose tar unpacking to /usr/local/lib/node_modules/live-server
61 silly gentlyRm /usr/local/lib/node_modules/live-server is being purged
62 verbose gentlyRm don't care about contents; nuking /usr/local/lib/node_modules/live-server
63 silly gunzTarPerm modes [ '755', '644' ]
64 error tar.unpack untar error /Users/phillippuckett88/.npm/live-server/0.8.2/package.tgz
65 verbose unlock done using /Users/phillippuckett88/.npm/_locks/live-server-1932c27c2adeb129.lock for /usr/local/lib/node_modules/live-server
66 verbose fstream_path /usr/local/lib/node_modules/live-server
67 verbose fstream_type Directory
68 verbose fstream_class DirWriter
69 verbose stack Error: EACCES: permission denied, mkdir '/usr/local/lib/node_modules/live-server'
69 verbose stack     at Error (native)
70 verbose fstream_stack /usr/local/lib/node_modules/npm/node_modules/fstream/lib/dir-writer.js:35:25
70 verbose fstream_stack /usr/local/lib/node_modules/npm/node_modules/mkdirp/index.js:47:53
70 verbose fstream_stack FSReqWrap.oncomplete (fs.js:82:15)
71 verbose cwd /Users/phillippuckett88/Desktop/d1/miniRoutingMaster/mini-routing
72 error Darwin 13.4.0
73 error argv "/usr/local/bin/node" "/usr/local/bin/npm" "install" "-g" "live-server"
74 error node v4.2.1
75 error npm  v2.14.7
76 error path /usr/local/lib/node_modules/live-server
77 error code EACCES
78 error errno -13
79 error syscall mkdir
80 error Error: EACCES: permission denied, mkdir '/usr/local/lib/node_modules/live-server'
80 error     at Error (native)
80 error  { [Error: EACCES: permission denied, mkdir '/usr/local/lib/node_modules/live-server']
80 error   errno: -13,
80 error   code: 'EACCES',
80 error   syscall: 'mkdir',
80 error   path: '/usr/local/lib/node_modules/live-server',
80 error   fstream_type: 'Directory',
80 error   fstream_path: '/usr/local/lib/node_modules/live-server',
80 error   fstream_class: 'DirWriter',
80 error   fstream_stack:
80 error    [ '/usr/local/lib/node_modules/npm/node_modules/fstream/lib/dir-writer.js:35:25',
80 error      '/usr/local/lib/node_modules/npm/node_modules/mkdirp/index.js:47:53',
80 error      'FSReqWrap.oncomplete (fs.js:82:15)' ] }
81 error Please try running this command again as root/Administrator.
82 verbose exit [ -13, true ]
83 verbose unbuild lib/node_modules/live-server
84 silly gentlyRm /usr/local/lib/node_modules/live-server is being purged from base /usr/local
85 verbose gentlyRm don't care about contents; nuking /usr/local/lib/node_modules/live-server
